Configuring skylighting-0.7.5...
Preprocessing library for skylighting-0.7.5..
Building library for skylighting-0.7.5..
[  1 of 131] Compiling Skylighting.Syntax.Abc ( src\Skylighting\Syntax\Abc.hs, .stack-work\dist\7d103d30\build\Skylighting\Syntax\Abc.o )
[  2 of 131] Compiling Skylighting.Syntax.Actionscript ( src\Skylighting\Syntax\Actionscript.hs, .stack-work\dist\7d103d30\build\Skylighting\Syntax\Actionscript.o )
[  3 of 131] Compiling Skylighting.Syntax.Ada ( src\Skylighting\Syntax\Ada.hs, .stack-work\dist\7d103d30\build\Skylighting\Syntax\Ada.o )
[  4 of 131] Compiling Skylighting.Syntax.Agda ( src\Skylighting\Syntax\Agda.hs, .stack-work\dist\7d103d30\build\Skylighting\Syntax\Agda.o )
[  5 of 131] Compiling Skylighting.Syntax.Alert ( src\Skylighting\Syntax\Alert.hs, .stack-work\dist\7d103d30\build\Skylighting\Syntax\Alert.o )
[  6 of 131] Compiling Skylighting.Syntax.AlertIndent ( src\Skylighting\Syntax\AlertIndent.hs, .stack-work\dist\7d103d30\build\Skylighting\Syntax\AlertIndent.o )
[  7 of 131] Compiling Skylighting.Syntax.Apache ( src\Skylighting\Syntax\Apache.hs, .stack-work\dist\7d103d30\build\Skylighting\Syntax\Apache.o )
[  8 of 131] Compiling Skylighting.Syntax.Asn1 ( src\Skylighting\Syntax\Asn1.hs, .stack-work\dist\7d103d30\build\Skylighting\Syntax\Asn1.o )
[  9 of 131] Compiling Skylighting.Syntax.Asp ( src\Skylighting\Syntax\Asp.hs, .stack-work\dist\7d103d30\build\Skylighting\Syntax\Asp.o )
[ 10 of 131] Compiling Skylighting.Syntax.Ats ( src\Skylighting\Syntax\Ats.hs, .stack-work\dist\7d103d30\build\Skylighting\Syntax\Ats.o )
[ 11 of 131] Compiling Skylighting.Syntax.Awk ( src\Skylighting\Syntax\Awk.hs, .stack-work\dist\7d103d30\build\Skylighting\Syntax\Awk.o )
[ 12 of 131] Compiling Skylighting.Syntax.Bash ( src\Skylighting\Syntax\Bash.hs, .stack-work\dist\7d103d30\build\Skylighting\Syntax\Bash.o )
[ 13 of 131] Compiling Skylighting.Syntax.Bibtex ( src\Skylighting\Syntax\Bibtex.hs, .stack-work\dist\7d103d30\build\Skylighting\Syntax\Bibtex.o )
[ 14 of 131] Compiling Skylighting.Syntax.Boo ( src\Skylighting\Syntax\Boo.hs, .stack-work\dist\7d103d30\build\Skylighting\Syntax\Boo.o )
[ 15 of 131] Compiling Skylighting.Syntax.C ( src\Skylighting\Syntax\C.hs, .stack-work\dist\7d103d30\build\Skylighting\Syntax\C.o )
[ 16 of 131] Compiling Skylighting.Syntax.Changelog ( src\Skylighting\Syntax\Changelog.hs, .stack-work\dist\7d103d30\build\Skylighting\Syntax\Changelog.o )
[ 17 of 131] Compiling Skylighting.Syntax.Clojure ( src\Skylighting\Syntax\Clojure.hs, .stack-work\dist\7d103d30\build\Skylighting\Syntax\Clojure.o )
[ 18 of 131] Compiling Skylighting.Syntax.Cmake ( src\Skylighting\Syntax\Cmake.hs, .stack-work\dist\7d103d30\build\Skylighting\Syntax\Cmake.o )
[ 19 of 131] Compiling Skylighting.Syntax.Coffee ( src\Skylighting\Syntax\Coffee.hs, .stack-work\dist\7d103d30\build\Skylighting\Syntax\Coffee.o )
[ 20 of 131] Compiling Skylighting.Syntax.Coldfusion ( src\Skylighting\Syntax\Coldfusion.hs, .stack-work\dist\7d103d30\build\Skylighting\Syntax\Coldfusion.o )
[ 21 of 131] Compiling Skylighting.Syntax.Commonlisp ( src\Skylighting\Syntax\Commonlisp.hs, .stack-work\dist\7d103d30\build\Skylighting\Syntax\Commonlisp.o )
[ 22 of 131] Compiling Skylighting.Syntax.Cpp ( src\Skylighting\Syntax\Cpp.hs, .stack-work\dist\7d103d30\build\Skylighting\Syntax\Cpp.o )
[ 23 of 131] Compiling Skylighting.Syntax.Cs ( src\Skylighting\Syntax\Cs.hs, .stack-work\dist\7d103d30\build\Skylighting\Syntax\Cs.o )
[ 24 of 131] Compiling Skylighting.Syntax.Css ( src\Skylighting\Syntax\Css.hs, .stack-work\dist\7d103d30\build\Skylighting\Syntax\Css.o )
[ 25 of 131] Compiling Skylighting.Syntax.Curry ( src\Skylighting\Syntax\Curry.hs, .stack-work\dist\7d103d30\build\Skylighting\Syntax\Curry.o )
[ 26 of 131] Compiling Skylighting.Syntax.D ( src\Skylighting\Syntax\D.hs, .stack-work\dist\7d103d30\build\Skylighting\Syntax\D.o )
[ 27 of 131] Compiling Skylighting.Syntax.Default ( src\Skylighting\Syntax\Default.hs, .stack-work\dist\7d103d30\build\Skylighting\Syntax\Default.o )
[ 28 of 131] Compiling Skylighting.Syntax.Diff ( src\Skylighting\Syntax\Diff.hs, .stack-work\dist\7d103d30\build\Skylighting\Syntax\Diff.o )
[ 29 of 131] Compiling Skylighting.Syntax.Djangotemplate ( src\Skylighting\Syntax\Djangotemplate.hs, .stack-work\dist\7d103d30\build\Skylighting\Syntax\Djangotemplate.o )
[ 30 of 131] Compiling Skylighting.Syntax.Dockerfile ( src\Skylighting\Syntax\Dockerfile.hs, .stack-work\dist\7d103d30\build\Skylighting\Syntax\Dockerfile.o )
[ 31 of 131] Compiling Skylighting.Syntax.Dot ( src\Skylighting\Syntax\Dot.hs, .stack-work\dist\7d103d30\build\Skylighting\Syntax\Dot.o )
[ 32 of 131] Compiling Skylighting.Syntax.Doxygen ( src\Skylighting\Syntax\Doxygen.hs, .stack-work\dist\7d103d30\build\Skylighting\Syntax\Doxygen.o )
[ 33 of 131] Compiling Skylighting.Syntax.Doxygenlua ( src\Skylighting\Syntax\Doxygenlua.hs, .stack-work\dist\7d103d30\build\Skylighting\Syntax\Doxygenlua.o )
[ 34 of 131] Compiling Skylighting.Syntax.Dtd ( src\Skylighting\Syntax\Dtd.hs, .stack-work\dist\7d103d30\build\Skylighting\Syntax\Dtd.o )
[ 35 of 131] Compiling Skylighting.Syntax.Eiffel ( src\Skylighting\Syntax\Eiffel.hs, .stack-work\dist\7d103d30\build\Skylighting\Syntax\Eiffel.o )
[ 36 of 131] Compiling Skylighting.Syntax.Elixir ( src\Skylighting\Syntax\Elixir.hs, .stack-work\dist\7d103d30\build\Skylighting\Syntax\Elixir.o )
[ 37 of 131] Compiling Skylighting.Syntax.Email ( src\Skylighting\Syntax\Email.hs, .stack-work\dist\7d103d30\build\Skylighting\Syntax\Email.o )
[ 38 of 131] Compiling Skylighting.Syntax.Erlang ( src\Skylighting\Syntax\Erlang.hs, .stack-work\dist\7d103d30\build\Skylighting\Syntax\Erlang.o )
[ 39 of 131] Compiling Skylighting.Syntax.Fasm ( src\Skylighting\Syntax\Fasm.hs, .stack-work\dist\7d103d30\build\Skylighting\Syntax\Fasm.o )
[ 40 of 131] Compiling Skylighting.Syntax.Fortran ( src\Skylighting\Syntax\Fortran.hs, .stack-work\dist\7d103d30\build\Skylighting\Syntax\Fortran.o )
[ 41 of 131] Compiling Skylighting.Syntax.Fsharp ( src\Skylighting\Syntax\Fsharp.hs, .stack-work\dist\7d103d30\build\Skylighting\Syntax\Fsharp.o )
[ 42 of 131] Compiling Skylighting.Syntax.Gcc ( src\Skylighting\Syntax\Gcc.hs, .stack-work\dist\7d103d30\build\Skylighting\Syntax\Gcc.o )
[ 43 of 131] Compiling Skylighting.Syntax.Glsl ( src\Skylighting\Syntax\Glsl.hs, .stack-work\dist\7d103d30\build\Skylighting\Syntax\Glsl.o )
[ 44 of 131] Compiling Skylighting.Syntax.Gnuassembler ( src\Skylighting\Syntax\Gnuassembler.hs, .stack-work\dist\7d103d30\build\Skylighting\Syntax\Gnuassembler.o )
[ 45 of 131] Compiling Skylighting.Syntax.Go ( src\Skylighting\Syntax\Go.hs, .stack-work\dist\7d103d30\build\Skylighting\Syntax\Go.o )
[ 46 of 131] Compiling Skylighting.Syntax.Hamlet ( src\Skylighting\Syntax\Hamlet.hs, .stack-work\dist\7d103d30\build\Skylighting\Syntax\Hamlet.o )
[ 47 of 131] Compiling Skylighting.Syntax.Haskell ( src\Skylighting\Syntax\Haskell.hs, .stack-work\dist\7d103d30\build\Skylighting\Syntax\Haskell.o )
[ 48 of 131] Compiling Skylighting.Syntax.Haxe ( src\Skylighting\Syntax\Haxe.hs, .stack-work\dist\7d103d30\build\Skylighting\Syntax\Haxe.o )
[ 49 of 131] Compiling Skylighting.Syntax.Html ( src\Skylighting\Syntax\Html.hs, .stack-work\dist\7d103d30\build\Skylighting\Syntax\Html.o )
[ 50 of 131] Compiling Skylighting.Syntax.Idris ( src\Skylighting\Syntax\Idris.hs, .stack-work\dist\7d103d30\build\Skylighting\Syntax\Idris.o )
[ 51 of 131] Compiling Skylighting.Syntax.Ini ( src\Skylighting\Syntax\Ini.hs, .stack-work\dist\7d103d30\build\Skylighting\Syntax\Ini.o )
[ 52 of 131] Compiling Skylighting.Syntax.Isocpp ( src\Skylighting\Syntax\Isocpp.hs, .stack-work\dist\7d103d30\build\Skylighting\Syntax\Isocpp.o )
[ 53 of 131] Compiling Skylighting.Syntax.J ( src\Skylighting\Syntax\J.hs, .stack-work\dist\7d103d30\build\Skylighting\Syntax\J.o )
[ 54 of 131] Compiling Skylighting.Syntax.Java ( src\Skylighting\Syntax\Java.hs, .stack-work\dist\7d103d30\build\Skylighting\Syntax\Java.o )
[ 55 of 131] Compiling Skylighting.Syntax.Javadoc ( src\Skylighting\Syntax\Javadoc.hs, .stack-work\dist\7d103d30\build\Skylighting\Syntax\Javadoc.o )
[ 56 of 131] Compiling Skylighting.Syntax.Javascript ( src\Skylighting\Syntax\Javascript.hs, .stack-work\dist\7d103d30\build\Skylighting\Syntax\Javascript.o )
[ 57 of 131] Compiling Skylighting.Syntax.Json ( src\Skylighting\Syntax\Json.hs, .stack-work\dist\7d103d30\build\Skylighting\Syntax\Json.o )
[ 58 of 131] Compiling Skylighting.Syntax.Jsp ( src\Skylighting\Syntax\Jsp.hs, .stack-work\dist\7d103d30\build\Skylighting\Syntax\Jsp.o )
[ 59 of 131] Compiling Skylighting.Syntax.Julia ( src\Skylighting\Syntax\Julia.hs, .stack-work\dist\7d103d30\build\Skylighting\Syntax\Julia.o )
[ 60 of 131] Compiling Skylighting.Syntax.Kotlin ( src\Skylighting\Syntax\Kotlin.hs, .stack-work\dist\7d103d30\build\Skylighting\Syntax\Kotlin.o )
[ 61 of 131] Compiling Skylighting.Syntax.Latex ( src\Skylighting\Syntax\Latex.hs, .stack-work\dist\7d103d30\build\Skylighting\Syntax\Latex.o )
[ 62 of 131] Compiling Skylighting.Syntax.Lex ( src\Skylighting\Syntax\Lex.hs, .stack-work\dist\7d103d30\build\Skylighting\Syntax\Lex.o )
[ 63 of 131] Compiling Skylighting.Syntax.Lilypond ( src\Skylighting\Syntax\Lilypond.hs, .stack-work\dist\7d103d30\build\Skylighting\Syntax\Lilypond.o )
[ 64 of 131] Compiling Skylighting.Syntax.LiterateCurry ( src\Skylighting\Syntax\LiterateCurry.hs, .stack-work\dist\7d103d30\build\Skylighting\Syntax\LiterateCurry.o )
[ 65 of 131] Compiling Skylighting.Syntax.LiterateHaskell ( src\Skylighting\Syntax\LiterateHaskell.hs, .stack-work\dist\7d103d30\build\Skylighting\Syntax\LiterateHaskell.o )
[ 66 of 131] Compiling Skylighting.Syntax.Llvm ( src\Skylighting\Syntax\Llvm.hs, .stack-work\dist\7d103d30\build\Skylighting\Syntax\Llvm.o )
[ 67 of 131] Compiling Skylighting.Syntax.Lua ( src\Skylighting\Syntax\Lua.hs, .stack-work\dist\7d103d30\build\Skylighting\Syntax\Lua.o )
[ 68 of 131] Compiling Skylighting.Syntax.M4 ( src\Skylighting\Syntax\M4.hs, .stack-work\dist\7d103d30\build\Skylighting\Syntax\M4.o )
[ 69 of 131] Compiling Skylighting.Syntax.Makefile ( src\Skylighting\Syntax\Makefile.hs, .stack-work\dist\7d103d30\build\Skylighting\Syntax\Makefile.o )
[ 70 of 131] Compiling Skylighting.Syntax.Mandoc ( src\Skylighting\Syntax\Mandoc.hs, .stack-work\dist\7d103d30\build\Skylighting\Syntax\Mandoc.o )
[ 71 of 131] Compiling Skylighting.Syntax.Markdown ( src\Skylighting\Syntax\Markdown.hs, .stack-work\dist\7d103d30\build\Skylighting\Syntax\Markdown.o )
[ 72 of 131] Compiling Skylighting.Syntax.Mathematica ( src\Skylighting\Syntax\Mathematica.hs, .stack-work\dist\7d103d30\build\Skylighting\Syntax\Mathematica.o )
[ 73 of 131] Compiling Skylighting.Syntax.Matlab ( src\Skylighting\Syntax\Matlab.hs, .stack-work\dist\7d103d30\build\Skylighting\Syntax\Matlab.o )
[ 74 of 131] Compiling Skylighting.Syntax.Maxima ( src\Skylighting\Syntax\Maxima.hs, .stack-work\dist\7d103d30\build\Skylighting\Syntax\Maxima.o )
[ 75 of 131] Compiling Skylighting.Syntax.Mediawiki ( src\Skylighting\Syntax\Mediawiki.hs, .stack-work\dist\7d103d30\build\Skylighting\Syntax\Mediawiki.o )
[ 76 of 131] Compiling Skylighting.Syntax.Metafont ( src\Skylighting\Syntax\Metafont.hs, .stack-work\dist\7d103d30\build\Skylighting\Syntax\Metafont.o )
[ 77 of 131] Compiling Skylighting.Syntax.Mips ( src\Skylighting\Syntax\Mips.hs, .stack-work\dist\7d103d30\build\Skylighting\Syntax\Mips.o )
[ 78 of 131] Compiling Skylighting.Syntax.Modelines ( src\Skylighting\Syntax\Modelines.hs, .stack-work\dist\7d103d30\build\Skylighting\Syntax\Modelines.o )
[ 79 of 131] Compiling Skylighting.Syntax.Modula2 ( src\Skylighting\Syntax\Modula2.hs, .stack-work\dist\7d103d30\build\Skylighting\Syntax\Modula2.o )
[ 80 of 131] Compiling Skylighting.Syntax.Modula3 ( src\Skylighting\Syntax\Modula3.hs, .stack-work\dist\7d103d30\build\Skylighting\Syntax\Modula3.o )
[ 81 of 131] Compiling Skylighting.Syntax.Monobasic ( src\Skylighting\Syntax\Monobasic.hs, .stack-work\dist\7d103d30\build\Skylighting\Syntax\Monobasic.o )
[ 82 of 131] Compiling Skylighting.Syntax.Nasm ( src\Skylighting\Syntax\Nasm.hs, .stack-work\dist\7d103d30\build\Skylighting\Syntax\Nasm.o )
[ 83 of 131] Compiling Skylighting.Syntax.Noweb ( src\Skylighting\Syntax\Noweb.hs, .stack-work\dist\7d103d30\build\Skylighting\Syntax\Noweb.o )
[ 84 of 131] Compiling Skylighting.Syntax.Objectivec ( src\Skylighting\Syntax\Objectivec.hs, .stack-work\dist\7d103d30\build\Skylighting\Syntax\Objectivec.o )
[ 85 of 131] Compiling Skylighting.Syntax.Objectivecpp ( src\Skylighting\Syntax\Objectivecpp.hs, .stack-work\dist\7d103d30\build\Skylighting\Syntax\Objectivecpp.o )
[ 86 of 131] Compiling Skylighting.Syntax.Ocaml ( src\Skylighting\Syntax\Ocaml.hs, .stack-work\dist\7d103d30\build\Skylighting\Syntax\Ocaml.o )
[ 87 of 131] Compiling Skylighting.Syntax.Octave ( src\Skylighting\Syntax\Octave.hs, .stack-work\dist\7d103d30\build\Skylighting\Syntax\Octave.o )
[ 88 of 131] Compiling Skylighting.Syntax.Opencl ( src\Skylighting\Syntax\Opencl.hs, .stack-work\dist\7d103d30\build\Skylighting\Syntax\Opencl.o )
[ 89 of 131] Compiling Skylighting.Syntax.Pascal ( src\Skylighting\Syntax\Pascal.hs, .stack-work\dist\7d103d30\build\Skylighting\Syntax\Pascal.o )
[ 90 of 131] Compiling Skylighting.Syntax.Perl ( src\Skylighting\Syntax\Perl.hs, .stack-work\dist\7d103d30\build\Skylighting\Syntax\Perl.o )
[ 91 of 131] Compiling Skylighting.Syntax.Php ( src\Skylighting\Syntax\Php.hs, .stack-work\dist\7d103d30\build\Skylighting\Syntax\Php.o )
[ 92 of 131] Compiling Skylighting.Syntax.Pike ( src\Skylighting\Syntax\Pike.hs, .stack-work\dist\7d103d30\build\Skylighting\Syntax\Pike.o )
[ 93 of 131] Compiling Skylighting.Syntax.Postscript ( src\Skylighting\Syntax\Postscript.hs, .stack-work\dist\7d103d30\build\Skylighting\Syntax\Postscript.o )
[ 94 of 131] Compiling Skylighting.Syntax.Povray ( src\Skylighting\Syntax\Povray.hs, .stack-work\dist\7d103d30\build\Skylighting\Syntax\Povray.o )
[ 95 of 131] Compiling Skylighting.Syntax.Powershell ( src\Skylighting\Syntax\Powershell.hs, .stack-work\dist\7d103d30\build\Skylighting\Syntax\Powershell.o )
[ 96 of 131] Compiling Skylighting.Syntax.Prolog ( src\Skylighting\Syntax\Prolog.hs, .stack-work\dist\7d103d30\build\Skylighting\Syntax\Prolog.o )
[ 97 of 131] Compiling Skylighting.Syntax.Pure ( src\Skylighting\Syntax\Pure.hs, .stack-work\dist\7d103d30\build\Skylighting\Syntax\Pure.o )
[ 98 of 131] Compiling Skylighting.Syntax.Purebasic ( src\Skylighting\Syntax\Purebasic.hs, .stack-work\dist\7d103d30\build\Skylighting\Syntax\Purebasic.o )
[ 99 of 131] Compiling Skylighting.Syntax.Python ( src\Skylighting\Syntax\Python.hs, .stack-work\dist\7d103d30\build\Skylighting\Syntax\Python.o )
[100 of 131] Compiling Skylighting.Syntax.R ( src\Skylighting\Syntax\R.hs, .stack-work\dist\7d103d30\build\Skylighting\Syntax\R.o )
[101 of 131] Compiling Skylighting.Syntax.Relaxng ( src\Skylighting\Syntax\Relaxng.hs, .stack-work\dist\7d103d30\build\Skylighting\Syntax\Relaxng.o )
[102 of 131] Compiling Skylighting.Syntax.Relaxngcompact ( src\Skylighting\Syntax\Relaxngcompact.hs, .stack-work\dist\7d103d30\build\Skylighting\Syntax\Relaxngcompact.o )
[103 of 131] Compiling Skylighting.Syntax.Rest ( src\Skylighting\Syntax\Rest.hs, .stack-work\dist\7d103d30\build\Skylighting\Syntax\Rest.o )
[104 of 131] Compiling Skylighting.Syntax.Rhtml ( src\Skylighting\Syntax\Rhtml.hs, .stack-work\dist\7d103d30\build\Skylighting\Syntax\Rhtml.o )
[105 of 131] Compiling Skylighting.Syntax.Roff ( src\Skylighting\Syntax\Roff.hs, .stack-work\dist\7d103d30\build\Skylighting\Syntax\Roff.o )
[106 of 131] Compiling Skylighting.Syntax.Ruby ( src\Skylighting\Syntax\Ruby.hs, .stack-work\dist\7d103d30\build\Skylighting\Syntax\Ruby.o )
[107 of 131] Compiling Skylighting.Syntax.Rust ( src\Skylighting\Syntax\Rust.hs, .stack-work\dist\7d103d30\build\Skylighting\Syntax\Rust.o )
[108 of 131] Compiling Skylighting.Syntax.Scala ( src\Skylighting\Syntax\Scala.hs, .stack-work\dist\7d103d30\build\Skylighting\Syntax\Scala.o )
[109 of 131] Compiling Skylighting.Syntax.Scheme ( src\Skylighting\Syntax\Scheme.hs, .stack-work\dist\7d103d30\build\Skylighting\Syntax\Scheme.o )
[110 of 131] Compiling Skylighting.Syntax.Sci ( src\Skylighting\Syntax\Sci.hs, .stack-work\dist\7d103d30\build\Skylighting\Syntax\Sci.o )
[111 of 131] Compiling Skylighting.Syntax.Sed ( src\Skylighting\Syntax\Sed.hs, .stack-work\dist\7d103d30\build\Skylighting\Syntax\Sed.o )
[112 of 131] Compiling Skylighting.Syntax.Sgml ( src\Skylighting\Syntax\Sgml.hs, .stack-work\dist\7d103d30\build\Skylighting\Syntax\Sgml.o )
[113 of 131] Compiling Skylighting.Syntax.Sml ( src\Skylighting\Syntax\Sml.hs, .stack-work\dist\7d103d30\build\Skylighting\Syntax\Sml.o )
[114 of 131] Compiling Skylighting.Syntax.Sql ( src\Skylighting\Syntax\Sql.hs, .stack-work\dist\7d103d30\build\Skylighting\Syntax\Sql.o )
[115 of 131] Compiling Skylighting.Syntax.SqlMysql ( src\Skylighting\Syntax\SqlMysql.hs, .stack-work\dist\7d103d30\build\Skylighting\Syntax\SqlMysql.o )
[116 of 131] Compiling Skylighting.Syntax.SqlPostgresql ( src\Skylighting\Syntax\SqlPostgresql.hs, .stack-work\dist\7d103d30\build\Skylighting\Syntax\SqlPostgresql.o )
[117 of 131] Compiling Skylighting.Syntax.Tcl ( src\Skylighting\Syntax\Tcl.hs, .stack-work\dist\7d103d30\build\Skylighting\Syntax\Tcl.o )
[118 of 131] Compiling Skylighting.Syntax.Tcsh ( src\Skylighting\Syntax\Tcsh.hs, .stack-work\dist\7d103d30\build\Skylighting\Syntax\Tcsh.o )
[119 of 131] Compiling Skylighting.Syntax.Texinfo ( src\Skylighting\Syntax\Texinfo.hs, .stack-work\dist\7d103d30\build\Skylighting\Syntax\Texinfo.o )
[120 of 131] Compiling Skylighting.Syntax.Typescript ( src\Skylighting\Syntax\Typescript.hs, .stack-work\dist\7d103d30\build\Skylighting\Syntax\Typescript.o )
[121 of 131] Compiling Skylighting.Syntax.Verilog ( src\Skylighting\Syntax\Verilog.hs, .stack-work\dist\7d103d30\build\Skylighting\Syntax\Verilog.o )
[122 of 131] Compiling Skylighting.Syntax.Vhdl ( src\Skylighting\Syntax\Vhdl.hs, .stack-work\dist\7d103d30\build\Skylighting\Syntax\Vhdl.o )
[123 of 131] Compiling Skylighting.Syntax.Xml ( src\Skylighting\Syntax\Xml.hs, .stack-work\dist\7d103d30\build\Skylighting\Syntax\Xml.o )
[124 of 131] Compiling Skylighting.Syntax.Xorg ( src\Skylighting\Syntax\Xorg.hs, .stack-work\dist\7d103d30\build\Skylighting\Syntax\Xorg.o )
[125 of 131] Compiling Skylighting.Syntax.Xslt ( src\Skylighting\Syntax\Xslt.hs, .stack-work\dist\7d103d30\build\Skylighting\Syntax\Xslt.o )
[126 of 131] Compiling Skylighting.Syntax.Xul ( src\Skylighting\Syntax\Xul.hs, .stack-work\dist\7d103d30\build\Skylighting\Syntax\Xul.o )
[127 of 131] Compiling Skylighting.Syntax.Yacc ( src\Skylighting\Syntax\Yacc.hs, .stack-work\dist\7d103d30\build\Skylighting\Syntax\Yacc.o )
[128 of 131] Compiling Skylighting.Syntax.Yaml ( src\Skylighting\Syntax\Yaml.hs, .stack-work\dist\7d103d30\build\Skylighting\Syntax\Yaml.o )
[129 of 131] Compiling Skylighting.Syntax.Zsh ( src\Skylighting\Syntax\Zsh.hs, .stack-work\dist\7d103d30\build\Skylighting\Syntax\Zsh.o )
[130 of 131] Compiling Skylighting.Syntax ( src\Skylighting\Syntax.hs, .stack-work\dist\7d103d30\build\Skylighting\Syntax.o )
[131 of 131] Compiling Skylighting      ( src\Skylighting.hs, .stack-work\dist\7d103d30\build\Skylighting.o )
Installing library in C:\sr\snapshots\47767058\lib\x86_64-windows-ghc-8.4.4\skylighting-0.7.5-6fuKqTT3FUyGAst5qOxyG9
Registering library for skylighting-0.7.5..
